Determining if the pthread_create exist failed with the following output:
Change Dir: /home/ai/Documents/mycode/cuda-note/1/cmake-build-debug/CMakeFiles/CMakeTmp

Run Build Command:"/usr/bin/make" "cmTC_d33d0/fast"
/usr/bin/make -f CMakeFiles/cmTC_d33d0.dir/build.make CMakeFiles/cmTC_d33d0.dir/build
make[1]: Entering directory '/home/ai/Documents/mycode/cuda-note/1/cmake-build-debug/CMakeFiles/CMakeTmp'
Building C object CMakeFiles/cmTC_d33d0.dir/CheckSymbolExists.c.o
/usr/bin/cc   -fPIC    -o CMakeFiles/cmTC_d33d0.dir/CheckSymbolExists.c.o   -c /home/ai/Documents/mycode/cuda-note/1/cmake-build-debug/CMakeFiles/CMakeTmp/CheckSymbolExists.c
Linking C executable cmTC_d33d0
/opt/clion-2018.2.2/bin/cmake/linux/bin/cmake -E cmake_link_script CMakeFiles/cmTC_d33d0.dir/link.txt --verbose=1
/usr/bin/cc -fPIC     CMakeFiles/cmTC_d33d0.dir/CheckSymbolExists.c.o  -o cmTC_d33d0 
CMakeFiles/cmTC_d33d0.dir/CheckSymbolExists.c.o: In function `main':
CheckSymbolExists.c:(.text+0x1b): undefined reference to `pthread_create'
collect2: error: ld returned 1 exit status
CMakeFiles/cmTC_d33d0.dir/build.make:86: recipe for target 'cmTC_d33d0' failed
make[1]: *** [cmTC_d33d0] Error 1
make[1]: Leaving directory '/home/ai/Documents/mycode/cuda-note/1/cmake-build-debug/CMakeFiles/CMakeTmp'
Makefile:121: recipe for target 'cmTC_d33d0/fast' failed
make: *** [cmTC_d33d0/fast] Error 2

File /home/ai/Documents/mycode/cuda-note/1/cmake-build-debug/CMakeFiles/CMakeTmp/CheckSymbolExists.c:
/* */
#include <pthread.h>

int main(int argc, char** argv)
{
  (void)argv;
#ifndef pthread_create
  return ((int*)(&pthread_create))[argc];
#else
  (void)argc;
  return 0;
#endif
}

Determining if the function pthread_create exists in the pthreads failed with the following output:
Change Dir: /home/ai/Documents/mycode/cuda-note/1/cmake-build-debug/CMakeFiles/CMakeTmp

Run Build Command:"/usr/bin/make" "cmTC_fc067/fast"
/usr/bin/make -f CMakeFiles/cmTC_fc067.dir/build.make CMakeFiles/cmTC_fc067.dir/build
make[1]: Entering directory '/home/ai/Documents/mycode/cuda-note/1/cmake-build-debug/CMakeFiles/CMakeTmp'
Building C object CMakeFiles/cmTC_fc067.dir/CheckFunctionExists.c.o
/usr/bin/cc   -fPIC -DCHECK_FUNCTION_EXISTS=pthread_create   -o CMakeFiles/cmTC_fc067.dir/CheckFunctionExists.c.o   -c /opt/clion-2018.2.2/bin/cmake/linux/share/cmake-3.12/Modules/CheckFunctionExists.c
Linking C executable cmTC_fc067
/opt/clion-2018.2.2/bin/cmake/linux/bin/cmake -E cmake_link_script CMakeFiles/cmTC_fc067.dir/link.txt --verbose=1
/usr/bin/cc -fPIC -DCHECK_FUNCTION_EXISTS=pthread_create    CMakeFiles/cmTC_fc067.dir/CheckFunctionExists.c.o  -o cmTC_fc067 -lpthreads 
/usr/bin/ld: cannot find -lpthreads
collect2: error: ld returned 1 exit status
CMakeFiles/cmTC_fc067.dir/build.make:86: recipe for target 'cmTC_fc067' failed
make[1]: *** [cmTC_fc067] Error 1
make[1]: Leaving directory '/home/ai/Documents/mycode/cuda-note/1/cmake-build-debug/CMakeFiles/CMakeTmp'
Makefile:121: recipe for target 'cmTC_fc067/fast' failed
make: *** [cmTC_fc067/fast] Error 2


